 This is a Monte Carlo simulation, results are arranged by level 
 Monsters:  OOD means between 1 and 10 levels deep, deadly is more than 
            10 levels deep 
 Artifacts: info on artifact location (vault, floor, etc) 
		     do not include special artifacts, only weapons and armor 
 Weapons  : Big dice weapons are either BoC, SoS, or Mod.  Uber 
            weapons, are one of the above with xblows or slay evil
 Launchers: xtra shots and xtra might are only logged for x3 or
            better.  Very good has +to hit or + to dam > 15
 Amulets:   Endgame amulets are trickery, weaponmaster and magi
 Armor:     Low resist armor may have more than one basic resist (acid, 
		     elec, fire, cold) but not all. 
 Pills:   Aug counts as 5 pills, *enlight* as 2.  Healing pills are 
			 only *Healing* and Life
 Scrolls:   Endgame scrolls include *Dest*, Rune, MBan and Ban 
    		 *Acq* counts as two Acq scrolls Rods: 	 Utility rods: d-obj, d-stairs, d-traps, light, illum 
    		 Endgame rods: Speed, Healing 
 Staves: 	 Kill staves: dispel evil, power, holiness. 
    		 Power staves: healing, magi, banishment 
            Artifact Name            Level 8   Level 10  Level 12  Level 14  Level 16  Level 18  Level 20  Level 25  Level 30  Level 35  Level 40  Level 45  Level 50  Level 60  Level 70  Level 80  Level 90  Level 98  Level 127                    of Galadriel        0         0         0         0         0         0         0         0         0         0         0         0         0         0         0         0         0         0         0 
                    of Elendil        0         0         0         0         0         0         0         0         0         0         0         0         0         0         0         0         0         0         0 
                    of Thr--in        0         0         0         0         0         0         0         0         0         0         0         0         0         0         0         0         0         0         0 
                     'Angrist'        0         0         0         0         0         0         0         0         0         0         0         0         0         0         0         0         0         0         0 
                    'Narthanc'        0         0         0         0         0         0         0         0         0         0         0         0         0         0         0         0         0         0         0 
                    'Nimthanc'        0         0         0         0         0         0         0         0         0         0         0         0         0         0         0         0         0         0         0 
                     'Dethanc'        0         0         0         0         0         0         0         0         0         0         0         0         0         0         0         0         0         0         0 
                      of Rilia        0         0         0         0         0         0         0         0         0         0         0         0         0         0         0         0         0         0         0 
                    'Belangil'        0         0         0         0         0         0         0         0         0         0         0         0         0         0         0         0         0         0         0 
                   of Azagh--l        0         0         0         0         0         0         0         0         0         0         0         0         0         0         0         0         0         0         0 
                   of Maedhros        7         2         4        19        27        32        21        18        27        17        29        22        35        31         0         0         0         0         0 
                    'Forasgil'     6116      2428      2455      2309      2182      2041      1334      1243      1205      1146      1019      1042      1031         0         0         0         0         0         0 
              'Careth Asdriag'        0         0         0         0         0         0         0         0         0         0         0         0         0         0         0         0         0         0         0 
                       'Sting'       56        19        29        26        57        96       184       207       185       206       179       181       164       223       235       262       392       380         0 
                      'Dagmor'       84        42        49        64        83       161       379       394       357       351       342       343       351       394       427       494         0         0         0 
                   'Gondricam'       75        40        55        61        84       151       427       417       379       381       349       333       340       409         0         0         0         0         0 
                  'Haradekket'        1        27        31        33        56        88       240       252       220       227       236       201       212       233       262       314         0         0         0 
                      'Ringil'        0         2         8        10         8        13        36        34        25        27        25        26        25        31        46        49        61        63       116 
                    'And--ril'        0         0         0         0         0         0         0         0         0         0         0         0         0         0         0         0         0         0         0 
                    'Anguirel'        0        10        10        18        27        45       104        80        64       105        92        85        60        94       104       122       185       215       329 
                     'Elvagil'       48      3135      3160      2958      2764      2503      1594      1511      1399      1488      1365      1378      1255         0         0         0         0         0         0 
                   'Aranr--th'        0         3         8         9        12        24        53        64        69        51        57        68        56        61        56        79       121       128         0 
                   'Glamdring'        0        20        18        30        32        64       197       160       189       155       152       138       143       175       201       227         0         0         0 
                      'Aeglin'        0         8         9        21        18        46       111        87        81        72        72       100        73       102        96       121       196       197         0 
                     'Orcrist'        0         0         0         0         0         0         0         0         0         0         0         0         0         0         0         0         0         0         0 
                      'Calris'        0         0         0         0         0         0         0         0         0         0         0         0         0         0         0         0         0         0         0 
                     of --owyn        0         0         1         0         3         8         5         2        88       104       101        83       104        99       114       127       191       177       335 
                    'Aglarang'        0         0         0         0         0         0         0         0         0         0         0         0         0         0         0         0         0         0         0 
                    'Gurthang'        0         0         0         0         0         0         0         0       122       103        99        86       110       101       108       133       194       175         0 
                   'Zarcuthra'        0         0         0         0         0         0         0         0        38        36        31        29        32        26        42        43        59        60       102 
                    'Mormegil'        0         0         0         0         0         0         0         0         0         0         0         0         0         0         0         0         0         0         0 
                  'Crisdurian'        0         0         0         0         0         0         0         0         0         1       123       135        93       131       165       200       230       232       492 
                  'Doomcaller'        0         0         0         0         0         0         0         0         0         1         0         0         0         0        74       109       113       117       220 
                    of Gothmog        0         0         0         0         0         0         0         0         0         0         0         0         0         0         0         0         0         0         0 
           of Fundin Bluecloak        0         0         0         0         0         0         1         0         1         0         0         3         1         7        75        91       122       130       217 
                  'Bloodspike'        0         6        12        17        17        44       114        96       102       115        91        96        78       102       103         0         0         0         0 
                    'Firestar'        2        20        25        38        45        85       261       225       213       193       193       196       210       211       279       335       432       433         0 
                      'Totila'        2        36        44        67        77       163       464       400       354       386       378       370       378       377         0         0         0         0         0 
                 'Thunderfist'        0         0         0         0         0         0         0         0         1         0         0        97        86       101       113       123       198       206       370 
                     'Taratol'        0         0         0         0         0         0         0         0         0         0         0         0         0         0         0         0         0         0         0 
                 'Nar-i-vagil'        2        20        19        26        31        66       171       169       165       161       131       151       156       186       172       234         0         0         0 
                      'Eriril'        1        13        19        19        36        55       174       162       150       171       147       141       125       142       174       208       316       294         0 
                    of Ol--rin        0         2         0         2         2         2         3         2        22        29        31        23        27        35        41        34        73        62         0 
                      of Aul--        0         0         0         0         0         0         1         1         1         5        26        28        35        35        36        41        72        64       135 
                'Deathwreaker'        0         0         0         0         0         0         0         0         0         0         0         0         0         0         0        71        83        91       161 
                      'Aiglos'       17        17        29        66       119        84        64        74        75        65        78        51        48        79        72        97       123       114         0 
                     of Orom--       28        17        17        46        97       108        81        67        67        62        71        73        54        61        81        88       109       128       239 
                     'Nimloth'      100        58        83       258       425       411       251       262       273       246       255       203       226       291         0         0         0         0         0 
                     of Melkor        7         1         2         0         0         1         0         1         0         1         0         1         0        12        73        87       119       116       242 
                      of Wrath       30        27        27        99       179       188        99       102        87        91        72        85        77       102       115       137       168       196         0 
                       of Ulmo        3         3         0         0         1         3         0         2        40        29        37        37        30        30        30        47        71        61       121 
                     'Osondir'        1         1         0         0         2         1         1       439       403       397       358       328       341       413       429       533         0         0         0 
                   'Til-i-arc'        1         0         1         1        52        98       263       218       241       218       208       213       212       233       252       333         0         0         0 
                   of Th--oden        0         0         0         0         0         0         0         0         0         0         0         0         0         0         0         0         0         0         0 
                     of H--rin        0         0         2         0        48        95       240       245       219       218       192       231       216       289       267       320       421       415         0 
                 'Barukkheled'        0         0         0         0         0         0         0         0         0         0         0         0         0         0         0         0         0         0         0 
            of Balli Stonehand        0         0         0         0        15        23        13        17       227       212       203       242       190       256       245       339       460       456         0 
                   'Lotharang'        0         0         0         0         0         0         0         0         0         0         0         0         0         0         0         0         0         0         0 
                    'Mundwine'        0         0         0         0         0         0         0         0         0         0         0         0         0         0         0         0         0         0         0 
                      of Durin        0         0         0         0         0         0         0         0         0         0         0         0         0         0         0         0         0         0         0 
                    of E--nw--        0         0         0         0         0         0         0         0         0         0        28        31        29        40        36        48        68        61       121 
                      'Avavir'        0         0         0         0         0         0         0         0         0         0         0         0         0         0         0         0         0         0         0 
                       of Pain        0         0         0         0         0         0         0         0         0         0         0         0         0         0         0         0         0         0         0 
              of the Eorlingas        0         0         0         0         0         0         0         0         0         0         0         0         0         0         0         0         0         0         0 
                      'Turmil'        0         0         0         0         0         0         0         0         0         0         0         0         0         0         0         0         0         0         0 
                     of Erebor        0         0         0         0         0         0         0         0         0         0         0         0         0         0         0         0         0         0         0 
                      of N--in        0         0         0         0         0         0         0         0         0         0         0         0         0         0         0         0         0         0         0 
                    of F--anor        0         0         1         1         0         0         0         1         0         1         6        12        12         9        12         8        14        18        19 
               'Dal-i-thalion'        0         0         0         0         0         0         0         0         0         0         0         0         0         0         0         0         0         0         0 
                 of Wormtongue        0         0         0         0         0         0         0         0         0         0         0         0         0         0         0         0         0         0         0 
                   of Radagast        0         0         0         0         0         0         0         0         0         0         0         0         0         0         0         0         0         0         0 
                     of Thr--r        0         0         0         0         0         0         0         0         0         0         0         0         0         0         0         0         0         0         0 
                 'Stormwalker'        0         2         0         0         0         0         1         1         0         0         2         0         2        18        24        17        45        46        72 
                  of Thranduil        0         0         0         0         0         0         0         0         0         0         0         0         0         0         0         0         0         0         0 
                    of Thengel        0         0         0         0         0         0         0         0         0         0         0         0         0         0         0         0         0         0         0 
                of Celebrimbor        0         0         0         0         0         0         0         0         0         0         0         0         0         0         0         0         0         0         0 
                 of Dor-L--min        0         0         0         0         0         0         0         0         0         0         0         0         0         0         0         0         0         0         0 
                  'Holhenneth'        0         0         0         0         0         0         0         0         0         0         0         0         0         0         0         0         0         0         0 
                     of Gorlim        0         0         0         0         0         0         0         0         0         0         0         0         0         0         0         0         0         0         0 
                 of Hammerhand        0         0         0         0         0         0         0         0         0         0         0         0         0         0         0         0         0         0         0 
                 of Ber--thiel        0         0         0         0         0         0         0         0         0         0         0         0         0         0         0         0         0         0         0 
                     of Gondor        0         0         0         0         0         0         0         0         0         0         2        77        61        87       101       111       142       151       276 
                   of N--menor        0         0         0         0         0         0         0         0         0         0         0         0         6        83        91       135       145       149       294 
                   'Hithlomir'        0         0         0         0         0         0         0         0         0         0         0         0         0         0         0         0         0         0         0 
                    of Himring        0         0         0         0         0         0         0         0         0         0         0         0         0         0         0         0         0         0         0 
                 'Thalkettoth'        0         0         0         0         0         0         0         0         0         0         0         0         0         0         0         0         0         0         0 
                    of Arvedui        4         4         2         2         5        13      1043       991       905       932       841       802       798       981      1109         0         0         0         0 
                  of Caspanion        0         0         0         0         0         0         0         0         0         0         0         0         0         0         0         0         0         0         0 
               of the Rohirrim        0         0         0         0         0         0         0         0         0         0         0         0         0         0         0         0         0         0         0 
                    of Isildur        1         0         0         0         0         0         0         0         0         1         1         1         5       709       819       945      1324      1284      2546 
                  'Belegennon'        0         0         0         0         0         0         0         0         0         0         0         0         0         0         0         0         0         0         0 
                   of Celeborn        0         0         0         0         0         0         0         0         0         0         0         0         0         0         0         0         0         0         0 
                  'Soulkeeper'        0         0         0         0         0         0         0         0         0         0         0         0         0         0         2       224       319       316       655 
                     'Colluin'      341       132       132       113        99       120        71        81        69        42        70        55        63        72        61        91       139       124         0 
                  'Holcolleth'      757       321       294       310       300       252       168       174       163       150       148       163       139       163       170       203       294       310         0 
                    of Thingol      758       303       301       310       270       262       159       164       139       136       135       139       128       158       178       219       246       266         0 
                  of Thorongil        0         0         0         0         0         0         0         0         0         0         0         0         0         0         0         0         0         0         0 
                    'Colannon'      778       281       302       272       254       256       144       152       152       137       147       126       139       176       147       192       247       272         0 
                   of L--thien        0         0         0         0         0         0         0         0         0         0        33        22        21        22        37        34        51        60        95 
                       of Tuor        0         0         0         0         0         0         0         0         0         0         0         0         0         0        33        43        77        63       125 
                    'Cambeleg'        0         0         0         0         0         0         0         0         0         0         0         0         0         0         0         0         0         0         0 
                  'Cammithrim'      718      1170      1137      1124       986       977       594       603       569       588       578       529       565       620       642       759         0         0         0 
                    'Paurhach'        0         0         0         0         0         0         0         0         0         0         0         0         0         0         0         0         0         0         0 
                  'Paurnimmen'        0         0         0         0         0         0         0         0         0         0         0         0         0         0         0         0         0         0         0 
                   'Pauraegen'       22      1571      1454      1440      1369      1214       798       760       729       759       704       659       668       738       820         0         0         0         0 
                     'Paurnen'        0         0         0         0         0         0         0         0         0         0         0         0         0         0         0         0         0         0         0 
                     'Camlost'        1       252       246       227       210       192       120       115       127       111       131       115        98       133       140       214       299       263         0 
                       of E--l        0         1         3         0         0         4         0         0         3         0         3         2         3        65        79       128       186       151       332 
                  of Fingolfin        0         0         0         0         0         0         5         2         2         6        57        48        39        64        58        80        96       113       180 
                      of Elros       35         5         8         3         6         9         7         5         8        10        13        43       304       346       358       453       612       624      1146 
                     of Thorin        0         0         0         0         0         0         0         0         0         0         0         0         0         0         0         0         0         0         0 
                   of Celegorm        0         0         0         0         0         0         0         0         0         0         0         0         0         0         0         0         0         0         0 
               of the Haradrim        0         0         0         0         0         0         0         0         0         0         0         0         0         0         0         0         0         0         0 
                   of An--rion        1         0         1         1         0         0         0         0        22        35       338       341       306       370       395       464       701       703         0 
                  of E--rendil        0         0         0         0         0         0         0         0         0         0         0         0         5        15       130       162       193       161       348 
                  of Gil-galad        0         0         0         0         0         0         0         0         0         0         0         0         0         0         0         0         0         0         0 
                    of Barahir        0         0         0         0         0         0         0         0         0         0         0         0         0         0         0         0         0         0         0 
                     of Tulkas        0         0         0         0         0         0         0         0         0         0         0         0         0         0         0         0         0         0         0 
                       'Narya'        0         0         0         0         0         0         0         0         0         0         0         0         0         0         0         0         0         0         0 
                       'Nenya'        0         0         0         0         0         0         0         0         0         0         0         0         0         0         0         0         0         0         0 
                       'Vilya'        1         0         1         0         0         0         0         0         0         0         0         0         0         1         0         0        12         8        21 
                'The One Ring'        1         0         0         0         0         0         0         0         0         0         0         0         0         0         0         0         0         2        25 
                  of Carlammas        0         0         0         0         0         0         0         0         0         0         0         0         0         0         0         0         0         0         0 
                     of Ingw--        1         0         0         0         0         1         1         0         1         2         1         1         2         3        23        22        44        35        75 
                of the Dwarves        0         0         0         0         1         0         1         0         0         1         0         2        13        21        13        19        26        19        48 
                     'Elessar'        0         0         1         0         0         0         0         0         0         0         1         1         0        13        20        25        32        27        54 
                    'Evenstar'        0         1         0         0         1         1         2         0        22        19        19        12        20        21        15         0         0         0         0 
                   'Razorback'        0         0         0         0         0         0         0         0         0         0         0         0         0         0         0         6       179       175       332 
                    'Mediator'        0         0         0         0         0         0         0         0         0         0         0         0         0         0         0         0         0        89       120 
                 'Bladeturner'        0         0         0         0         0         0         0         0         0         0         0         0         0         0         0         0         0         0        37 
                       'Grond'        0         0         0         0         0         0         0         0         0         0         0         0         0         0         0         0         0         0         0 
                    of Morgoth        0         0         0         0         0         0         0         0         0         0         0         0         0         0         0         0         0         0         0 
